<?xml version="1.0" encoding="UTF-8"?>
<testsuite name="TestSuite" time="27.095" tests="14" errors="0" skipped="0" failures="0">
  <properties>
[...]
</properties>
  <testcase name="validateAccountsTest" classname="com.SerAnt.Accounts.ValidAccounts" time="2.174"/>
  <testcase name="validreportsPageTest" classname="com.SerAnt.Reports.validReportsPage" time="1.489"/>
  <testcase name="ValidLeadsTest" classname="com.SerAnt.Leads.ValidLeads" time="2.259"/>
  <testcase name="validcasesTest" classname="com.SerAnt.Cases.validcases" time="1.733"/>
  <testcase name="validactivitiesTest" classname="com.SerAnt.Activites.validactivites" time="1.54"/>
  <testcase name="validforecastsTest" classname="com.SerAnt.Forcasts.validforecasts" time="1.535"/>
  <testcase name="ValidsignInTest" classname="com.SerAnt.Login.ValidsignIn" time="1.368"/>
  <testcase name="validcampaignTest" classname="com.SerAnt.Campaigns.validcampaigns" time="1.72"/>
  <testcase name="validproductsTest" classname="com.SerAnt.Products.validproducts" time="1.994"/>
  <testcase name="validatecreateAccountTest" classname="com.SerAnt.Accounts.ValidateCreateAccount" time="4.175"/>
  <testcase name="validsolutionsText" classname="com.SerAnt.Solutions.validsolutions" time="1.467"/>
  <testcase name="validdashboardTest" classname="com.SerAnt.Dashboard.validdashBoard" time="1.821"/>
  <testcase name="validpotentialsTest" classname="com.SerAnt.Potentials.Validpotentials" time="2.146"/>
  <testcase name="validhomeTest" classname="com.SerAnt.home.Validhome" time="1.674"/>
</testsuite>