<?xml version="1.0" encoding="UTF-8"?>
<!-- Generated by org.testng.reporters.JUnitXMLReporter -->
<testsuite hostname="DESKTOP-BS3CMF3" ignored="0" name="Test" tests="14" failures="0" timestamp="2022-05-28T20:41:29 IST" time="91.113" errors="0">
  <testcase name="validateAccountsTest" time="2.159" classname="com.SerAnt.Accounts.ValidAccounts"/>
  <testcase name="validreportsPageTest" time="1.489" classname="com.SerAnt.Reports.validReportsPage"/>
  <testcase name="ValidLeadsTest" time="2.26" classname="com.SerAnt.Leads.ValidLeads"/>
  <testcase name="validcasesTest" time="1.734" classname="com.SerAnt.Cases.validcases"/>
  <testcase name="validactivitiesTest" time="1.54" classname="com.SerAnt.Activites.validactivites"/>
  <testcase name="validforecastsTest" time="1.534" classname="com.SerAnt.Forcasts.validforecasts"/>
  <testcase name="ValidsignInTest" time="1.368" classname="com.SerAnt.Login.ValidsignIn"/>
  <testcase name="validcampaignTest" time="1.721" classname="com.SerAnt.Campaigns.validcampaigns"/>
  <testcase name="validproductsTest" time="1.994" classname="com.SerAnt.Products.validproducts"/>
  <testcase name="validatecreateAccountTest" time="4.174" classname="com.SerAnt.Accounts.ValidateCreateAccount"/>
  <testcase name="validsolutionsText" time="1.463" classname="com.SerAnt.Solutions.validsolutions"/>
  <testcase name="validdashboardTest" time="1.822" classname="com.SerAnt.Dashboard.validdashBoard"/>
  <testcase name="validpotentialsTest" time="2.146" classname="com.SerAnt.Potentials.Validpotentials"/>
  <testcase name="validhomeTest" time="1.675" classname="com.SerAnt.home.Validhome"/>
</testsuite> <!-- Test -->
